[2021-01-24 11:00:56] local.INFO: {
            "ConversationID": "",
            "OriginatorCoversationID": "",
            "ResponseDescription": "success"
        }
          
[2021-01-24 15:48:56] local.ERROR: The /var/www/taverngrill/staging/UltimatePOS/bootstrap/cache directory must be present and writable. {"exception":"[object] (Exception(code: 0): The /var/www/taverngrill/staging/UltimatePOS/bootstrap/cache directory must be present and writable. at /var/www/taverngrill/staging/UltimatePOS/vendor/laravel/framework/src/Illuminate/Foundation/PackageManifest.php:170)
[stacktrace]
#0 /var/www/taverngrill/staging/UltimatePOS/vendor/laravel/framework/src/Illuminate/Foundation/PackageManifest.php(129): Illuminate\\Foundation\\PackageManifest->write(Array)
#1 /var/www/taverngrill/staging/UltimatePOS/vendor/laravel/framework/src/Illuminate/Foundation/PackageManifest.php(97): Illuminate\\Foundation\\PackageManifest->build()
#2 /var/www/taverngrill/staging/UltimatePOS/vendor/laravel/framework/src/Illuminate/Foundation/PackageManifest.php(80): Illuminate\\Foundation\\PackageManifest->getManifest()
#3 /var/www/taverngrill/staging/UltimatePOS/vendor/laravel/framework/src/Illuminate/Foundation/Bootstrap/RegisterFacades.php(26): Illuminate\\Foundation\\PackageManifest->aliases()
#4 /var/www/taverngrill/staging/UltimatePOS/vendor/laravel/framework/src/Illuminate/Foundation/Application.php(210): Illuminate\\Foundation\\Bootstrap\\RegisterFacades->bootstrap(Object(Illuminate\\Foundation\\Application))
#5 /var/www/taverngrill/staging/UltimatePOS/vendor/laravel/framework/src/Illuminate/Foundation/Http/Kernel.php(162): Illuminate\\Foundation\\Application->bootstrapWith(Array)
#6 /var/www/taverngrill/staging/UltimatePOS/vendor/laravel/framework/src/Illuminate/Foundation/Http/Kernel.php(146): Illuminate\\Foundation\\Http\\Kernel->bootstrap()
#7 /var/www/taverngrill/staging/UltimatePOS/vendor/laravel/framework/src/Illuminate/Foundation/Http/Kernel.php(116): Illuminate\\Foundation\\Http\\Kernel->sendRequestThroughRouter(Object(Illuminate\\Http\\Request))
#8 /var/www/taverngrill/staging/UltimatePOS/public/index.php(53): Illuminate\\Foundation\\Http\\Kernel->handle(Object(Illuminate\\Http\\Request))
#9 {main}
"} 
[2021-01-24 15:49:47] local.ERROR: The /var/www/taverngrill/staging/UltimatePOS/bootstrap/cache directory must be present and writable. {"exception":"[object] (Exception(code: 0): The /var/www/taverngrill/staging/UltimatePOS/bootstrap/cache directory must be present and writable. at /var/www/taverngrill/staging/UltimatePOS/vendor/laravel/framework/src/Illuminate/Foundation/PackageManifest.php:170)
[stacktrace]
#0 /var/www/taverngrill/staging/UltimatePOS/vendor/laravel/framework/src/Illuminate/Foundation/PackageManifest.php(129): Illuminate\\Foundation\\PackageManifest->write(Array)
#1 /var/www/taverngrill/staging/UltimatePOS/vendor/laravel/framework/src/Illuminate/Foundation/PackageManifest.php(97): Illuminate\\Foundation\\PackageManifest->build()
#2 /var/www/taverngrill/staging/UltimatePOS/vendor/laravel/framework/src/Illuminate/Foundation/PackageManifest.php(80): Illuminate\\Foundation\\PackageManifest->getManifest()
#3 /var/www/taverngrill/staging/UltimatePOS/vendor/laravel/framework/src/Illuminate/Foundation/Bootstrap/RegisterFacades.php(26): Illuminate\\Foundation\\PackageManifest->aliases()
#4 /var/www/taverngrill/staging/UltimatePOS/vendor/laravel/framework/src/Illuminate/Foundation/Application.php(210): Illuminate\\Foundation\\Bootstrap\\RegisterFacades->bootstrap(Object(Illuminate\\Foundation\\Application))
#5 /var/www/taverngrill/staging/UltimatePOS/vendor/laravel/framework/src/Illuminate/Foundation/Console/Kernel.php(322): Illuminate\\Foundation\\Application->bootstrapWith(Array)
#6 /var/www/taverngrill/staging/UltimatePOS/vendor/laravel/framework/src/Illuminate/Foundation/Console/Kernel.php(131): Illuminate\\Foundation\\Console\\Kernel->bootstrap()
#7 /var/www/taverngrill/staging/UltimatePOS/artisan(35): Illuminate\\Foundation\\Console\\Kernel->handle(Object(Symfony\\Component\\Console\\Input\\ArgvInput), Object(Symfony\\Component\\Console\\Output\\ConsoleOutput))
#8 {main}
"} 
[2021-01-24 15:49:47] local.ERROR: The /var/www/taverngrill/staging/UltimatePOS/bootstrap/cache directory must be present and writable. {"exception":"[object] (Exception(code: 0): The /var/www/taverngrill/staging/UltimatePOS/bootstrap/cache directory must be present and writable. at /var/www/taverngrill/staging/UltimatePOS/vendor/laravel/framework/src/Illuminate/Foundation/PackageManifest.php:170)
[stacktrace]
#0 /var/www/taverngrill/staging/UltimatePOS/vendor/laravel/framework/src/Illuminate/Foundation/PackageManifest.php(129): Illuminate\\Foundation\\PackageManifest->write(Array)
#1 /var/www/taverngrill/staging/UltimatePOS/vendor/laravel/framework/src/Illuminate/Foundation/PackageManifest.php(97): Illuminate\\Foundation\\PackageManifest->build()
#2 /var/www/taverngrill/staging/UltimatePOS/vendor/laravel/framework/src/Illuminate/Foundation/PackageManifest.php(80): Illuminate\\Foundation\\PackageManifest->getManifest()
#3 /var/www/taverngrill/staging/UltimatePOS/vendor/laravel/framework/src/Illuminate/Foundation/Bootstrap/RegisterFacades.php(26): Illuminate\\Foundation\\PackageManifest->aliases()
#4 /var/www/taverngrill/staging/UltimatePOS/vendor/laravel/framework/src/Illuminate/Foundation/Application.php(210): Illuminate\\Foundation\\Bootstrap\\RegisterFacades->bootstrap(Object(Illuminate\\Foundation\\Application))
#5 /var/www/taverngrill/staging/UltimatePOS/vendor/laravel/framework/src/Illuminate/Foundation/Console/Kernel.php(322): Illuminate\\Foundation\\Application->bootstrapWith(Array)
#6 /var/www/taverngrill/staging/UltimatePOS/vendor/laravel/framework/src/Illuminate/Foundation/Console/Kernel.php(131): Illuminate\\Foundation\\Console\\Kernel->bootstrap()
#7 /var/www/taverngrill/staging/UltimatePOS/artisan(35): Illuminate\\Foundation\\Console\\Kernel->handle(Object(Symfony\\Component\\Console\\Input\\ArgvInput), Object(Symfony\\Component\\Console\\Output\\ConsoleOutput))
#8 {main}
"} 
[2021-01-24 15:49:47] local.ERROR: The /var/www/taverngrill/staging/UltimatePOS/bootstrap/cache directory must be present and writable. {"exception":"[object] (Exception(code: 0): The /var/www/taverngrill/staging/UltimatePOS/bootstrap/cache directory must be present and writable. at /var/www/taverngrill/staging/UltimatePOS/vendor/laravel/framework/src/Illuminate/Foundation/PackageManifest.php:170)
[stacktrace]
#0 /var/www/taverngrill/staging/UltimatePOS/vendor/laravel/framework/src/Illuminate/Foundation/PackageManifest.php(129): Illuminate\\Foundation\\PackageManifest->write(Array)
#1 /var/www/taverngrill/staging/UltimatePOS/vendor/laravel/framework/src/Illuminate/Foundation/PackageManifest.php(97): Illuminate\\Foundation\\PackageManifest->build()
#2 /var/www/taverngrill/staging/UltimatePOS/vendor/laravel/framework/src/Illuminate/Foundation/PackageManifest.php(80): Illuminate\\Foundation\\PackageManifest->getManifest()
#3 /var/www/taverngrill/staging/UltimatePOS/vendor/laravel/framework/src/Illuminate/Foundation/Bootstrap/RegisterFacades.php(26): Illuminate\\Foundation\\PackageManifest->aliases()
#4 /var/www/taverngrill/staging/UltimatePOS/vendor/laravel/framework/src/Illuminate/Foundation/Application.php(210): Illuminate\\Foundation\\Bootstrap\\RegisterFacades->bootstrap(Object(Illuminate\\Foundation\\Application))
#5 /var/www/taverngrill/staging/UltimatePOS/vendor/laravel/framework/src/Illuminate/Foundation/Console/Kernel.php(322): Illuminate\\Foundation\\Application->bootstrapWith(Array)
#6 /var/www/taverngrill/staging/UltimatePOS/vendor/laravel/framework/src/Illuminate/Foundation/Console/Kernel.php(131): Illuminate\\Foundation\\Console\\Kernel->bootstrap()
#7 /var/www/taverngrill/staging/UltimatePOS/artisan(35): Illuminate\\Foundation\\Console\\Kernel->handle(Object(Symfony\\Component\\Console\\Input\\ArgvInput), Object(Symfony\\Component\\Console\\Output\\ConsoleOutput))
#8 {main}
"} 
[2021-01-24 15:49:47] local.ERROR: The /var/www/taverngrill/staging/UltimatePOS/bootstrap/cache directory must be present and writable. {"exception":"[object] (Exception(code: 0): The /var/www/taverngrill/staging/UltimatePOS/bootstrap/cache directory must be present and writable. at /var/www/taverngrill/staging/UltimatePOS/vendor/laravel/framework/src/Illuminate/Foundation/PackageManifest.php:170)
[stacktrace]
#0 /var/www/taverngrill/staging/UltimatePOS/vendor/laravel/framework/src/Illuminate/Foundation/PackageManifest.php(129): Illuminate\\Foundation\\PackageManifest->write(Array)
#1 /var/www/taverngrill/staging/UltimatePOS/vendor/laravel/framework/src/Illuminate/Foundation/PackageManifest.php(97): Illuminate\\Foundation\\PackageManifest->build()
#2 /var/www/taverngrill/staging/UltimatePOS/vendor/laravel/framework/src/Illuminate/Foundation/PackageManifest.php(80): Illuminate\\Foundation\\PackageManifest->getManifest()
#3 /var/www/taverngrill/staging/UltimatePOS/vendor/laravel/framework/src/Illuminate/Foundation/Bootstrap/RegisterFacades.php(26): Illuminate\\Foundation\\PackageManifest->aliases()
#4 /var/www/taverngrill/staging/UltimatePOS/vendor/laravel/framework/src/Illuminate/Foundation/Application.php(210): Illuminate\\Foundation\\Bootstrap\\RegisterFacades->bootstrap(Object(Illuminate\\Foundation\\Application))
#5 /var/www/taverngrill/staging/UltimatePOS/vendor/laravel/framework/src/Illuminate/Foundation/Console/Kernel.php(322): Illuminate\\Foundation\\Application->bootstrapWith(Array)
#6 /var/www/taverngrill/staging/UltimatePOS/vendor/laravel/framework/src/Illuminate/Foundation/Console/Kernel.php(131): Illuminate\\Foundation\\Console\\Kernel->bootstrap()
#7 /var/www/taverngrill/staging/UltimatePOS/artisan(35): Illuminate\\Foundation\\Console\\Kernel->handle(Object(Symfony\\Component\\Console\\Input\\ArgvInput), Object(Symfony\\Component\\Console\\Output\\ConsoleOutput))
#8 {main}
"} 
[2021-01-24 15:49:47] local.ERROR: The /var/www/taverngrill/staging/UltimatePOS/bootstrap/cache directory must be present and writable. {"exception":"[object] (Exception(code: 0): The /var/www/taverngrill/staging/UltimatePOS/bootstrap/cache directory must be present and writable. at /var/www/taverngrill/staging/UltimatePOS/vendor/laravel/framework/src/Illuminate/Foundation/PackageManifest.php:170)
[stacktrace]
#0 /var/www/taverngrill/staging/UltimatePOS/vendor/laravel/framework/src/Illuminate/Foundation/PackageManifest.php(129): Illuminate\\Foundation\\PackageManifest->write(Array)
#1 /var/www/taverngrill/staging/UltimatePOS/vendor/laravel/framework/src/Illuminate/Foundation/PackageManifest.php(97): Illuminate\\Foundation\\PackageManifest->build()
#2 /var/www/taverngrill/staging/UltimatePOS/vendor/laravel/framework/src/Illuminate/Foundation/PackageManifest.php(80): Illuminate\\Foundation\\PackageManifest->getManifest()
#3 /var/www/taverngrill/staging/UltimatePOS/vendor/laravel/framework/src/Illuminate/Foundation/Bootstrap/RegisterFacades.php(26): Illuminate\\Foundation\\PackageManifest->aliases()
#4 /var/www/taverngrill/staging/UltimatePOS/vendor/laravel/framework/src/Illuminate/Foundation/Application.php(210): Illuminate\\Foundation\\Bootstrap\\RegisterFacades->bootstrap(Object(Illuminate\\Foundation\\Application))
#5 /var/www/taverngrill/staging/UltimatePOS/vendor/laravel/framework/src/Illuminate/Foundation/Console/Kernel.php(322): Illuminate\\Foundation\\Application->bootstrapWith(Array)
#6 /var/www/taverngrill/staging/UltimatePOS/vendor/laravel/framework/src/Illuminate/Foundation/Console/Kernel.php(131): Illuminate\\Foundation\\Console\\Kernel->bootstrap()
#7 /var/www/taverngrill/staging/UltimatePOS/artisan(35): Illuminate\\Foundation\\Console\\Kernel->handle(Object(Symfony\\Component\\Console\\Input\\ArgvInput), Object(Symfony\\Component\\Console\\Output\\ConsoleOutput))
#8 {main}
"} 
[2021-01-24 15:51:26] local.ERROR: The /var/www/taverngrill/staging/UltimatePOS/bootstrap/cache directory must be present and writable. {"exception":"[object] (Exception(code: 0): The /var/www/taverngrill/staging/UltimatePOS/bootstrap/cache directory must be present and writable. at /var/www/taverngrill/staging/UltimatePOS/vendor/laravel/framework/src/Illuminate/Foundation/PackageManifest.php:170)
[stacktrace]
#0 /var/www/taverngrill/staging/UltimatePOS/vendor/laravel/framework/src/Illuminate/Foundation/PackageManifest.php(129): Illuminate\\Foundation\\PackageManifest->write(Array)
#1 /var/www/taverngrill/staging/UltimatePOS/vendor/laravel/framework/src/Illuminate/Foundation/PackageManifest.php(97): Illuminate\\Foundation\\PackageManifest->build()
#2 /var/www/taverngrill/staging/UltimatePOS/vendor/laravel/framework/src/Illuminate/Foundation/PackageManifest.php(80): Illuminate\\Foundation\\PackageManifest->getManifest()
#3 /var/www/taverngrill/staging/UltimatePOS/vendor/laravel/framework/src/Illuminate/Foundation/Bootstrap/RegisterFacades.php(26): Illuminate\\Foundation\\PackageManifest->aliases()
#4 /var/www/taverngrill/staging/UltimatePOS/vendor/laravel/framework/src/Illuminate/Foundation/Application.php(210): Illuminate\\Foundation\\Bootstrap\\RegisterFacades->bootstrap(Object(Illuminate\\Foundation\\Application))
#5 /var/www/taverngrill/staging/UltimatePOS/vendor/laravel/framework/src/Illuminate/Foundation/Console/Kernel.php(322): Illuminate\\Foundation\\Application->bootstrapWith(Array)
#6 /var/www/taverngrill/staging/UltimatePOS/vendor/laravel/framework/src/Illuminate/Foundation/Console/Kernel.php(131): Illuminate\\Foundation\\Console\\Kernel->bootstrap()
#7 /var/www/taverngrill/staging/UltimatePOS/artisan(35): Illuminate\\Foundation\\Console\\Kernel->handle(Object(Symfony\\Component\\Console\\Input\\ArgvInput), Object(Symfony\\Component\\Console\\Output\\ConsoleOutput))
#8 {main}
"} 
