[2020-06-30 01:22:35] local.ERROR: SQLSTATE[HY000] [1045] Access denied for user 'root'@'localhost' (using password: NO) (SQL: select * from information_schema.tables where table_schema = ultimatepos and table_name = migrations and table_type = 'BASE TABLE') {"exception":"[object] (Illuminate\\Database\\QueryException(code: 1045): SQLSTATE[HY000] [1045] Access denied for user 'root'@'localhost' (using password: NO) (SQL: select * from information_schema.tables where table_schema = ultimatepos and table_name = migrations and table_type = 'BASE TABLE') at /var/www/html/UltimatePOS/vendor/laravel/framework/src/Illuminate/Database/Connection.php:664, PDOException(code: 1045): SQLSTATE[HY000] [1045] Access denied for user 'root'@'localhost' (using password: NO) at /var/www/html/UltimatePOS/vendor/laravel/framework/src/Illuminate/Database/Connectors/Connector.php:70)
[stacktrace]
#0 /var/www/html/UltimatePOS/vendor/laravel/framework/src/Illuminate/Database/Connection.php(624): Illuminate\\Database\\Connection->runQueryCallback()
#1 /var/www/html/UltimatePOS/vendor/laravel/framework/src/Illuminate/Database/Connection.php(333): Illuminate\\Database\\Connection->run()
#2 /var/www/html/UltimatePOS/vendor/laravel/framework/src/Illuminate/Database/Schema/MySqlBuilder.php(18): Illuminate\\Database\\Connection->select()
#3 /var/www/html/UltimatePOS/vendor/laravel/framework/src/Illuminate/Database/Migrations/DatabaseMigrationRepository.php(169): Illuminate\\Database\\Schema\\MySqlBuilder->hasTable()
#4 /var/www/html/UltimatePOS/vendor/laravel/framework/src/Illuminate/Database/Migrations/Migrator.php(585): Illuminate\\Database\\Migrations\\DatabaseMigrationRepository->repositoryExists()
#5 /var/www/html/UltimatePOS/vendor/laravel/framework/src/Illuminate/Database/Console/Migrations/MigrateCommand.php(91): Illuminate\\Database\\Migrations\\Migrator->repositoryExists()
#6 /var/www/html/UltimatePOS/vendor/laravel/framework/src/Illuminate/Database/Console/Migrations/MigrateCommand.php(63): Illuminate\\Database\\Console\\Migrations\\MigrateCommand->prepareDatabase()
#7 [internal function]: Illuminate\\Database\\Console\\Migrations\\MigrateCommand->handle()
#8 /var/www/html/UltimatePOS/vendor/laravel/framework/src/Illuminate/Container/BoundMethod.php(32): call_user_func_array()
#9 /var/www/html/UltimatePOS/vendor/laravel/framework/src/Illuminate/Container/BoundMethod.php(90): Illuminate\\Container\\BoundMethod::Illuminate\\Container\\{closure}()
#10 /var/www/html/UltimatePOS/vendor/laravel/framework/src/Illuminate/Container/BoundMethod.php(34): Illuminate\\Container\\BoundMethod::callBoundMethod()
#11 /var/www/html/UltimatePOS/vendor/laravel/framework/src/Illuminate/Container/Container.php(576): Illuminate\\Container\\BoundMethod::call()
#12 /var/www/html/UltimatePOS/vendor/laravel/framework/src/Illuminate/Console/Command.php(183): Illuminate\\Container\\Container->call()
#13 /var/www/html/UltimatePOS/vendor/symfony/console/Command/Command.php(255): Illuminate\\Console\\Command->execute()
#14 /var/www/html/UltimatePOS/vendor/laravel/framework/src/Illuminate/Console/Command.php(170): Symfony\\Component\\Console\\Command\\Command->run()
#15 /var/www/html/UltimatePOS/vendor/symfony/console/Application.php(1011): Illuminate\\Console\\Command->run()
#16 /var/www/html/UltimatePOS/vendor/symfony/console/Application.php(272): Symfony\\Component\\Console\\Application->doRunCommand()
#17 /var/www/html/UltimatePOS/vendor/symfony/console/Application.php(148): Symfony\\Component\\Console\\Application->doRun()
#18 /var/www/html/UltimatePOS/vendor/laravel/framework/src/Illuminate/Console/Application.php(90): Symfony\\Component\\Console\\Application->run()
#19 /var/www/html/UltimatePOS/vendor/laravel/framework/src/Illuminate/Foundation/Console/Kernel.php(133): Illuminate\\Console\\Application->run()
#20 /var/www/html/UltimatePOS/artisan(35): Illuminate\\Foundation\\Console\\Kernel->handle()
#21 {main}
"} 
[2020-06-30 15:52:50] local.ERROR: The "-u" option does not exist. {"exception":"[object] (Symfony\\Component\\Console\\Exception\\RuntimeException(code: 0): The \"-u\" option does not exist. at /var/www/html/UltimatePOS/vendor/symfony/console/Input/ArgvInput.php:120)
[stacktrace]
#0 /var/www/html/UltimatePOS/vendor/symfony/console/Input/ArgvInput.php(102): Symfony\\Component\\Console\\Input\\ArgvInput->parseShortOptionSet()
#1 /var/www/html/UltimatePOS/vendor/symfony/console/Input/ArgvInput.php(83): Symfony\\Component\\Console\\Input\\ArgvInput->parseShortOption()
#2 /var/www/html/UltimatePOS/vendor/symfony/console/Input/Input.php(55): Symfony\\Component\\Console\\Input\\ArgvInput->parse()
#3 /var/www/html/UltimatePOS/vendor/symfony/console/Command/Command.php(214): Symfony\\Component\\Console\\Input\\Input->bind()
#4 /var/www/html/UltimatePOS/vendor/laravel/framework/src/Illuminate/Console/Command.php(170): Symfony\\Component\\Console\\Command\\Command->run()
#5 /var/www/html/UltimatePOS/vendor/symfony/console/Application.php(1011): Illuminate\\Console\\Command->run()
#6 /var/www/html/UltimatePOS/vendor/symfony/console/Application.php(272): Symfony\\Component\\Console\\Application->doRunCommand()
#7 /var/www/html/UltimatePOS/vendor/symfony/console/Application.php(148): Symfony\\Component\\Console\\Application->doRun()
#8 /var/www/html/UltimatePOS/vendor/laravel/framework/src/Illuminate/Console/Application.php(90): Symfony\\Component\\Console\\Application->run()
#9 /var/www/html/UltimatePOS/vendor/laravel/framework/src/Illuminate/Foundation/Console/Kernel.php(133): Illuminate\\Console\\Application->run()
#10 /var/www/html/UltimatePOS/artisan(35): Illuminate\\Foundation\\Console\\Kernel->handle()
#11 {main}
"} 
