[2021-01-26 08:43:22] local.ERROR: Class 'CreateMpesaC2bTable' not found {"exception":"[object] (Symfony\\Component\\Debug\\Exception\\FatalThrowableError(code: 0): Class 'CreateMpesaC2bTable' not found at /var/www/html/UltimatePOS/vendor/laravel/framework/src/Illuminate/Database/Migrations/Migrator.php:448)
[stacktrace]
#0 /var/www/html/UltimatePOS/vendor/laravel/framework/src/Illuminate/Database/Migrations/Migrator.php(186): Illuminate\\Database\\Migrations\\Migrator->resolve()
#1 /var/www/html/UltimatePOS/vendor/laravel/framework/src/Illuminate/Database/Migrations/Migrator.php(162): Illuminate\\Database\\Migrations\\Migrator->runUp()
#2 /var/www/html/UltimatePOS/vendor/laravel/framework/src/Illuminate/Database/Migrations/Migrator.php(109): Illuminate\\Database\\Migrations\\Migrator->runPending()
#3 /var/www/html/UltimatePOS/vendor/laravel/framework/src/Illuminate/Database/Console/Migrations/MigrateCommand.php(71): Illuminate\\Database\\Migrations\\Migrator->run()
#4 [internal function]: Illuminate\\Database\\Console\\Migrations\\MigrateCommand->handle()
#5 /var/www/html/UltimatePOS/vendor/laravel/framework/src/Illuminate/Container/BoundMethod.php(32): call_user_func_array()
#6 /var/www/html/UltimatePOS/vendor/laravel/framework/src/Illuminate/Container/BoundMethod.php(90): Illuminate\\Container\\BoundMethod::Illuminate\\Container\\{closure}()
#7 /var/www/html/UltimatePOS/vendor/laravel/framework/src/Illuminate/Container/BoundMethod.php(34): Illuminate\\Container\\BoundMethod::callBoundMethod()
#8 /var/www/html/UltimatePOS/vendor/laravel/framework/src/Illuminate/Container/Container.php(576): Illuminate\\Container\\BoundMethod::call()
#9 /var/www/html/UltimatePOS/vendor/laravel/framework/src/Illuminate/Console/Command.php(183): Illuminate\\Container\\Container->call()
#10 /var/www/html/UltimatePOS/vendor/symfony/console/Command/Command.php(255): Illuminate\\Console\\Command->execute()
#11 /var/www/html/UltimatePOS/vendor/laravel/framework/src/Illuminate/Console/Command.php(170): Symfony\\Component\\Console\\Command\\Command->run()
#12 /var/www/html/UltimatePOS/vendor/symfony/console/Application.php(1009): Illuminate\\Console\\Command->run()
#13 /var/www/html/UltimatePOS/vendor/symfony/console/Application.php(273): Symfony\\Component\\Console\\Application->doRunCommand()
#14 /var/www/html/UltimatePOS/vendor/symfony/console/Application.php(149): Symfony\\Component\\Console\\Application->doRun()
#15 /var/www/html/UltimatePOS/vendor/laravel/framework/src/Illuminate/Console/Application.php(90): Symfony\\Component\\Console\\Application->run()
#16 /var/www/html/UltimatePOS/vendor/laravel/framework/src/Illuminate/Foundation/Console/Kernel.php(133): Illuminate\\Console\\Application->run()
#17 /var/www/html/UltimatePOS/artisan(35): Illuminate\\Foundation\\Console\\Kernel->handle()
#18 {main}
"} 
[2021-01-26 08:44:31] local.ERROR: Class 'CreateMpesaStkPushTable' not found {"exception":"[object] (Symfony\\Component\\Debug\\Exception\\FatalThrowableError(code: 0): Class 'CreateMpesaStkPushTable' not found at /var/www/html/UltimatePOS/vendor/laravel/framework/src/Illuminate/Database/Migrations/Migrator.php:448)
[stacktrace]
#0 /var/www/html/UltimatePOS/vendor/laravel/framework/src/Illuminate/Database/Migrations/Migrator.php(186): Illuminate\\Database\\Migrations\\Migrator->resolve()
#1 /var/www/html/UltimatePOS/vendor/laravel/framework/src/Illuminate/Database/Migrations/Migrator.php(162): Illuminate\\Database\\Migrations\\Migrator->runUp()
#2 /var/www/html/UltimatePOS/vendor/laravel/framework/src/Illuminate/Database/Migrations/Migrator.php(109): Illuminate\\Database\\Migrations\\Migrator->runPending()
#3 /var/www/html/UltimatePOS/vendor/laravel/framework/src/Illuminate/Database/Console/Migrations/MigrateCommand.php(71): Illuminate\\Database\\Migrations\\Migrator->run()
#4 [internal function]: Illuminate\\Database\\Console\\Migrations\\MigrateCommand->handle()
#5 /var/www/html/UltimatePOS/vendor/laravel/framework/src/Illuminate/Container/BoundMethod.php(32): call_user_func_array()
#6 /var/www/html/UltimatePOS/vendor/laravel/framework/src/Illuminate/Container/BoundMethod.php(90): Illuminate\\Container\\BoundMethod::Illuminate\\Container\\{closure}()
#7 /var/www/html/UltimatePOS/vendor/laravel/framework/src/Illuminate/Container/BoundMethod.php(34): Illuminate\\Container\\BoundMethod::callBoundMethod()
#8 /var/www/html/UltimatePOS/vendor/laravel/framework/src/Illuminate/Container/Container.php(576): Illuminate\\Container\\BoundMethod::call()
#9 /var/www/html/UltimatePOS/vendor/laravel/framework/src/Illuminate/Console/Command.php(183): Illuminate\\Container\\Container->call()
#10 /var/www/html/UltimatePOS/vendor/symfony/console/Command/Command.php(255): Illuminate\\Console\\Command->execute()
#11 /var/www/html/UltimatePOS/vendor/laravel/framework/src/Illuminate/Console/Command.php(170): Symfony\\Component\\Console\\Command\\Command->run()
#12 /var/www/html/UltimatePOS/vendor/symfony/console/Application.php(1009): Illuminate\\Console\\Command->run()
#13 /var/www/html/UltimatePOS/vendor/symfony/console/Application.php(273): Symfony\\Component\\Console\\Application->doRunCommand()
#14 /var/www/html/UltimatePOS/vendor/symfony/console/Application.php(149): Symfony\\Component\\Console\\Application->doRun()
#15 /var/www/html/UltimatePOS/vendor/laravel/framework/src/Illuminate/Console/Application.php(90): Symfony\\Component\\Console\\Application->run()
#16 /var/www/html/UltimatePOS/vendor/laravel/framework/src/Illuminate/Foundation/Console/Kernel.php(133): Illuminate\\Console\\Application->run()
#17 /var/www/html/UltimatePOS/artisan(35): Illuminate\\Foundation\\Console\\Kernel->handle()
#18 {main}
"} 
